Found 15 races with missing odds data
Processing race 1/15: rac_11749777 on 2025-09-17 at Happy Valley (HK)
  ⚠️ Using default race number 1 for race ID: rac_11749777
  Fetching odds for race 1 at HV on 2025-09-17
  Found 13 runners in race data
  Found 12 runners with odds
    Runner #1: 8.8
    Runner #2: 2.2
    Runner #3: 29
  Database has 14 runners for race rac_11749777
  Updating runner #1 with odds 8.8 -> 8.8
  Using horse_id hrs_21044835 for runner #1
  Updating runner #2 with odds 2.2 -> 2.2
  Using horse_id hrs_25095427 for runner #2
  Updating runner #3 with odds 29 -> 29.0
  Using horse_id hrs_29341025 for runner #3
  Updating runner #4 with odds 25 -> 25.0
  Using horse_id hrs_33390350 for runner #4
  Updating runner #5 with odds 23 -> 23.0
  Using horse_id hrs_33629680 for runner #5
  Updating runner #6 with odds 29 -> 29.0
  Using horse_id hrs_33904416 for runner #6
  Updating runner #7 with odds 22 -> 22.0
  Using horse_id hrs_38173541 for runner #7
  Updating runner #8 with odds 21 -> 21.0
  Using horse_id hrs_40244330 for runner #8
  Updating runner #9 with odds 8.8 -> 8.8
  Using horse_id hrs_41410243 for runner #9
  Updating runner #10 with odds 12 -> 12.0
  Using horse_id hrs_42296478 for runner #10
  Updating runner #11 with odds 9.3 -> 9.3
  Using horse_id hrs_42912604 for runner #11
  Updating runner #12 with odds 8.8 -> 8.8
  Using horse_id hrs_45760022 for runner #12
  ✅ Updated 12 runners with odds data
Processing race 2/15: rac_11749790 on 2025-09-17 at Happy Valley (HK)
  ⚠️ Using default race number 1 for race ID: rac_11749790
  Fetching odds for race 1 at HV on 2025-09-17
  Found 13 runners in race data
  Found 12 runners with odds
    Runner #1: 8.8
    Runner #2: 2.2
    Runner #3: 29
  Database has 14 runners for race rac_11749790
  Updating runner #1 with odds 8.8 -> 8.8
  Using horse_id hrs_27165894 for runner #1
  Updating runner #2 with odds 2.2 -> 2.2
  Using horse_id hrs_34486613 for runner #2
  Updating runner #3 with odds 29 -> 29.0
  Using horse_id hrs_34932275 for runner #3
  Updating runner #4 with odds 25 -> 25.0
  Using horse_id hrs_37096493 for runner #4
  Updating runner #5 with odds 23 -> 23.0
  Using horse_id hrs_37504670 for runner #5
  Updating runner #6 with odds 29 -> 29.0
  Using horse_id hrs_38017714 for runner #6
  Updating runner #7 with odds 22 -> 22.0
  Using horse_id hrs_38118934 for runner #7
  Updating runner #8 with odds 21 -> 21.0
  Using horse_id hrs_42296443 for runner #8
  Updating runner #9 with odds 8.8 -> 8.8
  Using horse_id hrs_45887093 for runner #9
  Updating runner #10 with odds 12 -> 12.0
  Using horse_id hrs_46944338 for runner #10
  Updating runner #11 with odds 9.3 -> 9.3
  Using horse_id hrs_47377015 for runner #11
  Updating runner #12 with odds 8.8 -> 8.8
  Using horse_id hrs_48323079 for runner #12
  ✅ Updated 12 runners with odds data
Processing race 3/15: rac_11749803 on 2025-09-17 at Happy Valley (HK)
  ⚠️ Using default race number 1 for race ID: rac_11749803
  Fetching odds for race 1 at HV on 2025-09-17
  Found 13 runners in race data
  Found 12 runners with odds
    Runner #1: 8.8
    Runner #2: 2.2
    Runner #3: 29
  Database has 14 runners for race rac_11749803
  Updating runner #1 with odds 8.8 -> 8.8
  Using horse_id hrs_23165814 for runner #1
  Updating runner #2 with odds 2.2 -> 2.2
  Using horse_id hrs_25550707 for runner #2
  Updating runner #3 with odds 29 -> 29.0
  Using horse_id hrs_27301337 for runner #3
  Updating runner #4 with odds 25 -> 25.0
  Using horse_id hrs_27820891 for runner #4
  Updating runner #5 with odds 23 -> 23.0
  Using horse_id hrs_33289193 for runner #5
  Updating runner #6 with odds 29 -> 29.0
  Using horse_id hrs_36665300 for runner #6
  Updating runner #7 with odds 22 -> 22.0
  Using horse_id hrs_38855628 for runner #7
  Updating runner #8 with odds 21 -> 21.0
  Using horse_id hrs_38943233 for runner #8
  Updating runner #9 with odds 8.8 -> 8.8
  Using horse_id hrs_39451167 for runner #9
  Updating runner #10 with odds 12 -> 12.0
  Using horse_id hrs_39919698 for runner #10
  Updating runner #11 with odds 9.3 -> 9.3
  Using horse_id hrs_41152755 for runner #11
  Updating runner #12 with odds 8.8 -> 8.8
  Using horse_id hrs_41410306 for runner #12
  ✅ Updated 12 runners with odds data
Processing race 4/15: rac_11749829 on 2025-09-17 at Happy Valley (HK)
  ⚠️ Using default race number 1 for race ID: rac_11749829
  Fetching odds for race 1 at HV on 2025-09-17
  Found 13 runners in race data
  Found 12 runners with odds
    Runner #1: 8.8
    Runner #2: 2.2
    Runner #3: 29
  Database has 14 runners for race rac_11749829
  Updating runner #1 with odds 8.8 -> 8.8
  Using horse_id hrs_24770249 for runner #1
  Updating runner #2 with odds 2.2 -> 2.2
  Using horse_id hrs_34830635 for runner #2
  Updating runner #3 with odds 29 -> 29.0
  Using horse_id hrs_36402506 for runner #3
  Updating runner #4 with odds 25 -> 25.0
  Using horse_id hrs_37821203 for runner #4
  Updating runner #5 with odds 23 -> 23.0
  Using horse_id hrs_38017672 for runner #5
  Updating runner #6 with odds 29 -> 29.0
  Using horse_id hrs_39061715 for runner #6
  Updating runner #7 with odds 22 -> 22.0
  Using horse_id hrs_39568984 for runner #7
  Updating runner #8 with odds 21 -> 21.0
  Using horse_id hrs_46295557 for runner #8
  Updating runner #9 with odds 8.8 -> 8.8
  Using horse_id hrs_46634602 for runner #9
  Updating runner #10 with odds 12 -> 12.0
  Using horse_id hrs_50369340 for runner #10
  Updating runner #11 with odds 9.3 -> 9.3
  Using horse_id hrs_50935661 for runner #11
  Updating runner #12 with odds 8.8 -> 8.8
  Using horse_id hrs_52086846 for runner #12
  ✅ Updated 12 runners with odds data
Processing race 5/15: rac_11749842 on 2025-09-17 at Happy Valley (HK)
  ⚠️ Using default race number 1 for race ID: rac_11749842
  Fetching odds for race 1 at HV on 2025-09-17
  Found 13 runners in race data
  Found 12 runners with odds
    Runner #1: 8.8
    Runner #2: 2.2
    Runner #3: 29
  Database has 13 runners for race rac_11749842
  Updating runner #1 with odds 8.8 -> 8.8
  Using horse_id hrs_24984911 for runner #1
  Updating runner #2 with odds 2.2 -> 2.2
  Using horse_id hrs_27126645 for runner #2
  Updating runner #3 with odds 29 -> 29.0
  Using horse_id hrs_37789766 for runner #3
  Updating runner #4 with odds 25 -> 25.0
  Using horse_id hrs_39678933 for runner #4
  Updating runner #5 with odds 23 -> 23.0
  Using horse_id hrs_39847892 for runner #5
  Updating runner #6 with odds 29 -> 29.0
  Using horse_id hrs_40054329 for runner #6
  Updating runner #7 with odds 22 -> 22.0
  Using horse_id hrs_40312426 for runner #7
  Updating runner #8 with odds 21 -> 21.0
  Using horse_id hrs_40312440 for runner #8
  Updating runner #9 with odds 8.8 -> 8.8
  Using horse_id hrs_40514474 for runner #9
  Updating runner #10 with odds 12 -> 12.0
  Using horse_id hrs_42073178 for runner #10
  Updating runner #11 with odds 9.3 -> 9.3
  Using horse_id hrs_51988489 for runner #11
  Updating runner #12 with odds 8.8 -> 8.8
  Using horse_id hrs_52962525 for runner #12
  ✅ Updated 12 runners with odds data
Processing race 6/15: rac_11749855 on 2025-09-17 at Happy Valley (HK)
  ⚠️ Using default race number 1 for race ID: rac_11749855
  Fetching odds for race 1 at HV on 2025-09-17
  Found 13 runners in race data
  Found 12 runners with odds
    Runner #1: 8.8
    Runner #2: 2.2
    Runner #3: 29
  Database has 11 runners for race rac_11749855
  Updating runner #1 with odds 8.8 -> 8.8
  Using horse_id hrs_24541489 for runner #1
  Updating runner #2 with odds 2.2 -> 2.2
  Using horse_id hrs_32896178 for runner #2
  Updating runner #3 with odds 29 -> 29.0
  Using horse_id hrs_34874126 for runner #3
  Updating runner #4 with odds 25 -> 25.0
  Using horse_id hrs_35553721 for runner #4
  Updating runner #5 with odds 23 -> 23.0
  Using horse_id hrs_38321997 for runner #5
  Updating runner #6 with odds 29 -> 29.0
  Using horse_id hrs_39959871 for runner #6
  Updating runner #7 with odds 22 -> 22.0
  Using horse_id hrs_40805849 for runner #7
  Updating runner #8 with odds 21 -> 21.0
  Using horse_id hrs_42647633 for runner #8
  Updating runner #9 with odds 8.8 -> 8.8
  Using horse_id hrs_46514923 for runner #9
  Updating runner #10 with odds 12 -> 12.0
  Using horse_id hrs_50465730 for runner #10
  Updating runner #11 with odds 9.3 -> 9.3
  Using horse_id hrs_53180967 for runner #11
  Updating runner #12 with odds 8.8 -> 8.8
  ⚠️ Runner #12 is out of range for race rac_11749855
  ✅ Updated 11 runners with odds data
Processing race 7/15: rac_11749868 on 2025-09-17 at Happy Valley (HK)
  ⚠️ Using default race number 1 for race ID: rac_11749868
  Fetching odds for race 1 at HV on 2025-09-17
  Found 13 runners in race data
  Found 12 runners with odds
    Runner #1: 8.8
    Runner #2: 2.2
    Runner #3: 29
  Database has 13 runners for race rac_11749868
  Updating runner #1 with odds 8.8 -> 8.8
  Using horse_id hrs_19610906 for runner #1
  Updating runner #2 with odds 2.2 -> 2.2
  Using horse_id hrs_23818298 for runner #2
  Updating runner #3 with odds 29 -> 29.0
  Using horse_id hrs_24948490 for runner #3
  Updating runner #4 with odds 25 -> 25.0
  Using horse_id hrs_27207047 for runner #4
  Updating runner #5 with odds 23 -> 23.0
  Using horse_id hrs_27751059 for runner #5
  Updating runner #6 with odds 29 -> 29.0
  Using horse_id hrs_29636390 for runner #6
  Updating runner #7 with odds 22 -> 22.0
  Using horse_id hrs_29748145 for runner #7
  Updating runner #8 with odds 21 -> 21.0
  Using horse_id hrs_31799131 for runner #8
  Updating runner #9 with odds 8.8 -> 8.8
  Using horse_id hrs_36136114 for runner #9
  Updating runner #10 with odds 12 -> 12.0
  Using horse_id hrs_37505160 for runner #10
  Updating runner #11 with odds 9.3 -> 9.3
  Using horse_id hrs_38684653 for runner #11
  Updating runner #12 with odds 8.8 -> 8.8
  Using horse_id hrs_39589256 for runner #12
  ✅ Updated 12 runners with odds data
Processing race 8/15: rac_11740898 on 2025-09-10 at Happy Valley (HK)
  ⚠️ Using default race number 1 for race ID: rac_11740898
  Fetching odds for race 1 at HV on 2025-09-10
  Found 13 runners in race data
  Found 12 runners with odds
    Runner #1: 8.8
    Runner #2: 2.2
    Runner #3: 29
  Database has 14 runners for race rac_11740898
  Updating runner #1 with odds 8.8 -> 8.8
  Using horse_id hrs_24064047 for runner #1
  Updating runner #2 with odds 2.2 -> 2.2
  Using horse_id hrs_29842372 for runner #2
  Updating runner #3 with odds 29 -> 29.0
  Using horse_id hrs_35164276 for runner #3
  Updating runner #4 with odds 25 -> 25.0
  Using horse_id hrs_36234744 for runner #4
  Updating runner #5 with odds 23 -> 23.0
  Using horse_id hrs_37394763 for runner #5
  Updating runner #6 with odds 29 -> 29.0
  Using horse_id hrs_38564610 for runner #6
  Updating runner #7 with odds 22 -> 22.0
  Using horse_id hrs_39061659 for runner #7
  Updating runner #8 with odds 21 -> 21.0
  Using horse_id hrs_39919691 for runner #8
  Updating runner #9 with odds 8.8 -> 8.8
  Using horse_id hrs_40668866 for runner #9
  Updating runner #10 with odds 12 -> 12.0
  Using horse_id hrs_40805856 for runner #10
  Updating runner #11 with odds 9.3 -> 9.3
  Using horse_id hrs_42749140 for runner #11
  Updating runner #12 with odds 8.8 -> 8.8
  Using horse_id hrs_45661770 for runner #12
  ✅ Updated 12 runners with odds data
Processing race 9/15: rac_11740911 on 2025-09-10 at Happy Valley (HK)
  ⚠️ Using default race number 1 for race ID: rac_11740911
  Fetching odds for race 1 at HV on 2025-09-10
  Found 13 runners in race data
  Found 12 runners with odds
    Runner #1: 8.8
    Runner #2: 2.2
    Runner #3: 29
  Database has 9 runners for race rac_11740911
  Updating runner #1 with odds 8.8 -> 8.8
  Using horse_id hrs_30123527 for runner #1
  Updating runner #2 with odds 2.2 -> 2.2
  Using horse_id hrs_32852897 for runner #2
  Updating runner #3 with odds 29 -> 29.0
  Using horse_id hrs_33390329 for runner #3
  Updating runner #4 with odds 25 -> 25.0
  Using horse_id hrs_34542158 for runner #4
  Updating runner #5 with odds 23 -> 23.0
  Using horse_id hrs_36427104 for runner #5
  Updating runner #6 with odds 29 -> 29.0
  Using horse_id hrs_38777130 for runner #6
  Updating runner #7 with odds 22 -> 22.0
  Using horse_id hrs_39315374 for runner #7
  Updating runner #8 with odds 21 -> 21.0
  Using horse_id hrs_44974923 for runner #8
  Updating runner #9 with odds 8.8 -> 8.8
  Using horse_id hrs_50154559 for runner #9
  Updating runner #10 with odds 12 -> 12.0
  ⚠️ Runner #10 is out of range for race rac_11740911
  Updating runner #11 with odds 9.3 -> 9.3
  ⚠️ Runner #11 is out of range for race rac_11740911
  Updating runner #12 with odds 8.8 -> 8.8
  ⚠️ Runner #12 is out of range for race rac_11740911
  ✅ Updated 9 runners with odds data
Processing race 10/15: rac_11740924 on 2025-09-10 at Happy Valley (HK)
  ⚠️ Using default race number 1 for race ID: rac_11740924
  Fetching odds for race 1 at HV on 2025-09-10
  Found 13 runners in race data
  Found 12 runners with odds
    Runner #1: 8.8
    Runner #2: 2.2
    Runner #3: 29
  Database has 14 runners for race rac_11740924
  Updating runner #1 with odds 8.8 -> 8.8
  Using horse_id hrs_20909462 for runner #1
  Updating runner #2 with odds 2.2 -> 2.2
  Using horse_id hrs_23690541 for runner #2
  Updating runner #3 with odds 29 -> 29.0
  Using horse_id hrs_28533946 for runner #3
  Updating runner #4 with odds 25 -> 25.0
  Using horse_id hrs_29622908 for runner #4
  Updating runner #5 with odds 23 -> 23.0
  Using horse_id hrs_34486592 for runner #5
  Updating runner #6 with odds 29 -> 29.0
  Using horse_id hrs_38777165 for runner #6
  Updating runner #7 with odds 22 -> 22.0
  Using horse_id hrs_39568984 for runner #7
  Updating runner #8 with odds 21 -> 21.0
  Using horse_id hrs_41013742 for runner #8
  Updating runner #9 with odds 8.8 -> 8.8
  Using horse_id hrs_47377071 for runner #9
  Updating runner #10 with odds 12 -> 12.0
  Using horse_id hrs_48921950 for runner #10
  Updating runner #11 with odds 9.3 -> 9.3
  Using horse_id hrs_49938931 for runner #11
  Updating runner #12 with odds 8.8 -> 8.8
  Using horse_id hrs_51865408 for runner #12
  ✅ Updated 12 runners with odds data
Processing race 11/15: rac_11740937 on 2025-09-10 at Happy Valley (HK)
  ⚠️ Using default race number 1 for race ID: rac_11740937
  Fetching odds for race 1 at HV on 2025-09-10
  Found 13 runners in race data
  Found 12 runners with odds
    Runner #1: 8.8
    Runner #2: 2.2
    Runner #3: 29
  Database has 11 runners for race rac_11740937
  Updating runner #1 with odds 8.8 -> 8.8
  Using horse_id hrs_21100674 for runner #1
  Updating runner #2 with odds 2.2 -> 2.2
  Using horse_id hrs_23165814 for runner #2
  Updating runner #3 with odds 29 -> 29.0
  Using horse_id hrs_30137947 for runner #3
  Updating runner #4 with odds 25 -> 25.0
  Using horse_id hrs_36711878 for runner #4
  Updating runner #5 with odds 23 -> 23.0
  Using horse_id hrs_38564575 for runner #5
  Updating runner #6 with odds 29 -> 29.0
  Using horse_id hrs_38943226 for runner #6
  Updating runner #7 with odds 22 -> 22.0
  Using horse_id hrs_39847913 for runner #7
  Updating runner #8 with odds 21 -> 21.0
  Using horse_id hrs_40332327 for runner #8
  Updating runner #9 with odds 8.8 -> 8.8
  Using horse_id hrs_42944349 for runner #9
  Updating runner #10 with odds 12 -> 12.0
  Using horse_id hrs_47161506 for runner #10
  Updating runner #11 with odds 9.3 -> 9.3
  Using horse_id hrs_53080944 for runner #11
  Updating runner #12 with odds 8.8 -> 8.8
  ⚠️ Runner #12 is out of range for race rac_11740937
  ✅ Updated 11 runners with odds data
Processing race 12/15: rac_11740950 on 2025-09-10 at Happy Valley (HK)
  ⚠️ Using default race number 1 for race ID: rac_11740950
  Fetching odds for race 1 at HV on 2025-09-10
  Found 13 runners in race data
  Found 12 runners with odds
    Runner #1: 8.8
    Runner #2: 2.2
    Runner #3: 29
  Database has 11 runners for race rac_11740950
  Updating runner #1 with odds 8.8 -> 8.8
  Using horse_id hrs_21815577 for runner #1
  Updating runner #2 with odds 2.2 -> 2.2
  Using horse_id hrs_25000689 for runner #2
  Updating runner #3 with odds 29 -> 29.0
  Using horse_id hrs_27301337 for runner #3
  Updating runner #4 with odds 25 -> 25.0
  Using horse_id hrs_30865835 for runner #4
  Updating runner #5 with odds 23 -> 23.0
  Using horse_id hrs_35388654 for runner #5
  Updating runner #6 with odds 29 -> 29.0
  Using horse_id hrs_36234702 for runner #6
  Updating runner #7 with odds 22 -> 22.0
  Using horse_id hrs_36234730 for runner #7
  Updating runner #8 with odds 21 -> 21.0
  Using horse_id hrs_37603566 for runner #8
  Updating runner #9 with odds 8.8 -> 8.8
  Using horse_id hrs_41152433 for runner #9
  Updating runner #10 with odds 12 -> 12.0
  Using horse_id hrs_47161492 for runner #10
  Updating runner #11 with odds 9.3 -> 9.3
  Using horse_id hrs_49821401 for runner #11
  Updating runner #12 with odds 8.8 -> 8.8
  ⚠️ Runner #12 is out of range for race rac_11740950
  ✅ Updated 11 runners with odds data
Processing race 13/15: rac_11740963 on 2025-09-10 at Happy Valley (HK)
  ⚠️ Using default race number 1 for race ID: rac_11740963
  Fetching odds for race 1 at HV on 2025-09-10
  Found 13 runners in race data
  Found 12 runners with odds
    Runner #1: 8.8
    Runner #2: 2.2
    Runner #3: 29
  Database has 12 runners for race rac_11740963
  Updating runner #1 with odds 8.8 -> 8.8
  Using horse_id hrs_29889741 for runner #1
  Updating runner #2 with odds 2.2 -> 2.2
  Using horse_id hrs_30764972 for runner #2
  Updating runner #3 with odds 29 -> 29.0
  Using horse_id hrs_31005758 for runner #3
  Updating runner #4 with odds 25 -> 25.0
  Using horse_id hrs_31094861 for runner #4
  Updating runner #5 with odds 23 -> 23.0
  Using horse_id hrs_33904402 for runner #5
  Updating runner #6 with odds 29 -> 29.0
  Using horse_id hrs_34542172 for runner #6
  Updating runner #7 with odds 22 -> 22.0
  Using horse_id hrs_35445767 for runner #7
  Updating runner #8 with odds 21 -> 21.0
  Using horse_id hrs_39919698 for runner #8
  Updating runner #9 with odds 8.8 -> 8.8
  Using horse_id hrs_40373634 for runner #9
  Updating runner #10 with odds 12 -> 12.0
  Using horse_id hrs_41013756 for runner #10
  Updating runner #11 with odds 9.3 -> 9.3
  Using horse_id hrs_46634595 for runner #11
  Updating runner #12 with odds 8.8 -> 8.8
  Using horse_id hrs_52204698 for runner #12
  ✅ Updated 12 runners with odds data
Processing race 14/15: rac_11740976 on 2025-09-10 at Happy Valley (HK)
  ⚠️ Using default race number 1 for race ID: rac_11740976
  Fetching odds for race 1 at HV on 2025-09-10
  Found 13 runners in race data
  Found 12 runners with odds
    Runner #1: 8.8
    Runner #2: 2.2
    Runner #3: 29
  Database has 14 runners for race rac_11740976
  Updating runner #1 with odds 8.8 -> 8.8
  Using horse_id hrs_33790792 for runner #1
  Updating runner #2 with odds 2.2 -> 2.2
  Using horse_id hrs_37504670 for runner #2
  Updating runner #3 with odds 29 -> 29.0
  Using horse_id hrs_38564617 for runner #3
  Updating runner #4 with odds 25 -> 25.0
  Using horse_id hrs_39735724 for runner #4
  Updating runner #5 with odds 23 -> 23.0
  Using horse_id hrs_40312426 for runner #5
  Updating runner #6 with odds 29 -> 29.0
  Using horse_id hrs_40919158 for runner #6
  Updating runner #7 with odds 22 -> 22.0
  Using horse_id hrs_41152447 for runner #7
  Updating runner #8 with odds 21 -> 21.0
  Using horse_id hrs_42749063 for runner #8
  Updating runner #9 with odds 8.8 -> 8.8
  Using horse_id hrs_42749126 for runner #9
  Updating runner #10 with odds 12 -> 12.0
  Using horse_id hrs_45759994 for runner #10
  Updating runner #11 with odds 9.3 -> 9.3
  Using horse_id hrs_46415985 for runner #11
  Updating runner #12 with odds 8.8 -> 8.8
  Using horse_id hrs_46944373 for runner #12
  ✅ Updated 12 runners with odds data
Processing race 15/15: rac_11740989 on 2025-09-10 at Happy Valley (HK)
  ⚠️ Using default race number 1 for race ID: rac_11740989
  Fetching odds for race 1 at HV on 2025-09-10
  Found 13 runners in race data
  Found 12 runners with odds
    Runner #1: 8.8
    Runner #2: 2.2
    Runner #3: 29
  Database has 14 runners for race rac_11740989
  Updating runner #1 with odds 8.8 -> 8.8
  Using horse_id hrs_22598380 for runner #1
  Updating runner #2 with odds 2.2 -> 2.2
  Using horse_id hrs_24541489 for runner #2
  Updating runner #3 with odds 29 -> 29.0
  Using horse_id hrs_31644683 for runner #3
  Updating runner #4 with odds 25 -> 25.0
  Using horse_id hrs_33571783 for runner #4
  Updating runner #5 with odds 23 -> 23.0
  Using horse_id hrs_35068369 for runner #5
  Updating runner #6 with odds 29 -> 29.0
  Using horse_id hrs_36235094 for runner #6
  Updating runner #7 with odds 22 -> 22.0
  Using horse_id hrs_36711906 for runner #7
  Updating runner #8 with odds 21 -> 21.0
  Using horse_id hrs_38018218 for runner #8
  Updating runner #9 with odds 8.8 -> 8.8
  Using horse_id hrs_40244344 for runner #9
  Updating runner #10 with odds 12 -> 12.0
  Using horse_id hrs_40514509 for runner #10
  Updating runner #11 with odds 9.3 -> 9.3
  Using horse_id hrs_40918983 for runner #11
  Updating runner #12 with odds 8.8 -> 8.8
  Using horse_id hrs_41410278 for runner #12
  ✅ Updated 12 runners with odds data

=== Summary Report ===
Total races processed: 15
Total runners updated: 174
Failed races: 0

Races still missing odds: 10
